Using pre-set license
Built from '2020.3/release' branch; Version is '2020.3.1f1 (77a89f25062f) revision 7841951'; Using compiler version '192528614'; Build Type 'Release'
OS: 'Windows 10 Pro; OS build 19042.867; Version 2009; 64bit' Language: 'ru' Physical Memory: 16249 MB
BatchMode: 1, IsHumanControllingUs: 0, StartBugReporterOnCrash: 0, Is64bit: 1, IsPro: 0

 COMMAND LINE ARGUMENTS:
C:\Program Files\Unity\Hub\Editor\2020.3.1f1\Editor\Unity.exe
-adb2
-batchMode
-noUpm
-name
AssetImportWorker0
-projectPath
C:/Users/Любовь/Desktop/Pattrns
-logFile
Logs/AssetImportWorker0.log
-srvPort
55013
Successfully changed project path to: C:/Users/Любовь/Desktop/Pattrns
C:/Users/Любовь/Desktop/Pattrns
Using Asset Import Pipeline V2.
Refreshing native plugins compatible for Editor in 31.03 ms, found 0 plugins.
Preloading 0 native plugins for Editor in 0.00 ms.
Initialize engine version: 2020.3.1f1 (77a89f25062f)
[Subsystems] Discovering subsystems at path C:/Program Files/Unity/Hub/Editor/2020.3.1f1/Editor/Data/Resources/UnitySubsystems
[Subsystems] Discovering subsystems at path C:/Users/Любовь/Desktop/Pattrns/Assets
GfxDevice: creating device client; threaded=0
Direct3D:
    Version:  Direct3D 11.0 [level 11.1]
    Renderer: NVIDIA GeForce GTX 950 (ID=0x1402)
    Vendor:   
    VRAM:     2007 MB
    Driver:   27.21.14.6172
Initialize mono
Mono path[0] = 'C:/Program Files/Unity/Hub/Editor/2020.3.1f1/Editor/Data/Managed'
Mono path[1] = 'C:/Program Files/Unity/Hub/Editor/2020.3.1f1/Editor/Data/MonoBleedingEdge/lib/mono/unityjit'
Mono config path = 'C:/Program Files/Unity/Hub/Editor/2020.3.1f1/Editor/Data/MonoBleedingEdge/etc'
Using monoOptions --debugger-agent=transport=dt_socket,embedding=1,server=y,suspend=n,address=127.0.0.1:56248
Begin MonoManager ReloadAssembly
Registering precompiled unity dll's ...
Register platform support module: C:/Program Files/Unity/Hub/Editor/2020.3.1f1/Editor/Data/PlaybackEngines/WindowsStandaloneSupport/UnityEditor.WindowsStandalone.Extensions.dll
Registered in 0.002052 seconds.
Native extension for WindowsStandalone target not found
Refreshing native plugins compatible for Editor in 27.50 ms, found 0 plugins.
Preloading 0 native plugins for Editor in 0.00 ms.
Invoked RoslynAnalysisRunner static constructor.
RoslynAnalysisRunner will not be running.
RoslynAnalysisRunner has terminated.
Mono: successfully reloaded assembly
- Completed reload, in  3.174 seconds
Platform modules already initialized, skipping
Registering precompiled user dll's ...
Registered in 0.000784 seconds.
Begin MonoManager ReloadAssembly
Native extension for WindowsStandalone target not found
Refreshing native plugins compatible for Editor in 0.27 ms, found 0 plugins.
Preloading 0 native plugins for Editor in 0.00 ms.
Invoked RoslynAnalysisRunner static constructor.
RoslynAnalysisRunner will not be running.
RoslynAnalysisRunner has terminated.
Mono: successfully reloaded assembly
- Completed reload, in  1.072 seconds
Platform modules already initialized, skipping
========================================================================
Worker process is ready to serve import requests
Launched and connected shader compiler UnityShaderCompiler.exe after 0.06 seconds
Refreshing native plugins compatible for Editor in 0.26 ms, found 0 plugins.
Preloading 0 native plugins for Editor in 0.00 ms.
Unloading 1131 Unused Serialized files (Serialized files now loaded: 0)
System memory in use before: 58.6 MB.
System memory in use after: 58.6 MB.

Unloading 9 unused Assets to reduce memory usage. Loaded Objects now: 1575.
Total: 1.749800 ms (FindLiveObjects: 0.196300 ms CreateObjectMapping: 0.098300 ms MarkObjects: 1.387100 ms  DeleteObjects: 0.067000 ms)

========================================================================
Received Import Request.
  path: Assets/Scripts/Player.cs
  artifactKey: Guid(56df3c13fc6e8db4394da1e67b3cf010) Importer(815301076,1909f56bfc062723c751e8b465ee728b)
Start importing Assets/Scripts/Player.cs using Guid(56df3c13fc6e8db4394da1e67b3cf010) Importer(815301076,1909f56bfc062723c751e8b465ee728b)  -> (artifact id: '5fe49aaa02fafc3184ef7eb43841c333') in 0.037876 seconds
  Import took 0.041022 seconds .

========================================================================
Received Import Request.
  Time since last request: 0.000275 seconds.
  path: Assets/Scripts/RotationShip.cs
  artifactKey: Guid(27260a2457444a64a9a603020bf00a6f) Importer(815301076,1909f56bfc062723c751e8b465ee728b)
Start importing Assets/Scripts/RotationShip.cs using Guid(27260a2457444a64a9a603020bf00a6f) Importer(815301076,1909f56bfc062723c751e8b465ee728b)  -> (artifact id: '2bb957800dcc3f20492d231738f6d661') in 0.010838 seconds
  Import took 0.014394 seconds .

========================================================================
Received Import Request.
  Time since last request: 13.765702 seconds.
  path: Assets/Scripts/IRotation.cs
  artifactKey: Guid(4b5f2238e0b441439dc97cb3c402c9d3) Importer(815301076,1909f56bfc062723c751e8b465ee728b)
Start importing Assets/Scripts/IRotation.cs using Guid(4b5f2238e0b441439dc97cb3c402c9d3) Importer(815301076,1909f56bfc062723c751e8b465ee728b)  -> (artifact id: '78cf2dea664206d41053c418f7dbb15d') in 0.008622 seconds
  Import took 0.011426 seconds .

========================================================================
Received Prepare
Registering precompiled user dll's ...
Registered in 0.001281 seconds.
Begin MonoManager ReloadAssembly
Native extension for WindowsStandalone target not found
Refreshing native plugins compatible for Editor in 0.43 ms, found 0 plugins.
Preloading 0 native plugins for Editor in 0.00 ms.
Invoked RoslynAnalysisRunner static constructor.
RoslynAnalysisRunner will not be running.
RoslynAnalysisRunner has terminated.
Mono: successfully reloaded assembly
- Completed reload, in  1.136 seconds
Platform modules already initialized, skipping
Refreshing native plugins compatible for Editor in 0.23 ms, found 0 plugins.
Preloading 0 native plugins for Editor in 0.00 ms.
Unloading 1115 Unused Serialized files (Serialized files now loaded: 0)
System memory in use before: 57.7 MB.
System memory in use after: 57.8 MB.

Unloading 4 unused Assets to reduce memory usage. Loaded Objects now: 1578.
Total: 3.511900 ms (FindLiveObjects: 0.160300 ms CreateObjectMapping: 0.035300 ms MarkObjects: 3.284600 ms  DeleteObjects: 0.029400 ms)

AssetImportWorkerClient::OnTransportError - code=2 error=End of file
